<?xml version='1.0'?>
<ns2:test-suite xmlns:ns2='urn:model.allure.qatools.yandex.ru' start='1730237522767' stop='1730237776933'>
    <name>Client Side - Create Account - Personal</name>
    <title>Client Side - Create Account - Personal</title>
    <test-cases>
        <test-case start='1730237522767' status='failed' stop='1730237776931'>
            <name>Verify that User can Create Personal Account With SubType Individual</name>
            <title>Verify that User can Create Personal Account With SubType Individual</title>
            <labels/>
            <parameters/>
            <steps/>
            <attachments/>
            <failure>
                <message>Timed out retrying after 10000ms: Expected to find element: `//button[normalize-space()='Save']`, but never found it.</message>
                <stack-trace>AssertionError: Timed out retrying after 10000ms: Expected to find element: `//button[normalize-space()='Save']`, but never found it.
                    at DisclosureSignaturesPage.ClickSaveAndReview (webpack://ola/./cypress/e2e/Pages/Client/createNewAccount/Personal/Individual/DisclosureSignaturesPage.js:137:9)
                    at eval (webpack://ola/./cypress/e2e/TestCases/Client/createNewAccount/Personal/Data Driven Testing.cy.js:125:35)
                    at Context.eval (webpack://ola/./cypress/e2e/TestCases/Client/createNewAccount/Personal/Data Driven Testing.cy.js:30:26)</stack-trace>
            </failure>
        </test-case>
    </test-cases>
</ns2:test-suite>